<?xml version="1.0" encoding="UTF-8"?>
<testsuites name="axios-api-automation-template" time="0.0030" tests="0" failures="0">
</testsuites>