<?xml version="1.0" encoding="UTF-8"?>
<testsuites name="axios-api-automation-template" time="1.4350" tests="3" failures="0">
  <testsuite name="Root Suite" timestamp="2022-09-22T14:18:04" tests="0" time="0.0000" failures="0">
  </testsuite>
  <testsuite name="Testes funcionais postivos da funcionalidade GET" timestamp="2022-09-22T14:18:04" tests="3" file="C:\Users\pedro\Desktop\templates\axios-api-automation-template\src\tests\get\ListUsers\Positive.test.js" time="1.4310" failures="0">
    <testcase name="Testes funcionais postivos da funcionalidade GET CT_001 Validar Get com sucesso" time="0.4070" classname="CT_001 Validar Get com sucesso">
    </testcase>
    <testcase name="Testes funcionais postivos da funcionalidade GET CT_002 Validar Get com sucesso passando valor 1 no parametro page" time="0.6170" classname="CT_002 Validar Get com sucesso passando valor 1 no parametro page">
    </testcase>
    <testcase name="Testes funcionais postivos da funcionalidade GET CT_003 Validar Get com sucesso removendo parametro page" time="0.3680" classname="CT_003 Validar Get com sucesso removendo parametro page">
    </testcase>
  </testsuite>
</testsuites>